<?xml version="1.0" encoding="UTF-8"?>
<!-- Generated by org.testng.reporters.JUnitXMLReporter -->
<testsuite ignored="0" hostname="DESKTOP-522E973" failures="1" tests="2" name="TrainBookingAndStatus" time="58.979" errors="0" timestamp="2026-02-26T19:27:03 IST">
  <testcase classname="com.TestRunner.TicketBookingTC01" name="ticketBooking" time="10.797"/>
  <testcase classname="com.TestRunner.CheckTrainStatusTC02" name="CheranTrainStatus" time="35.431">
    <failure type="org.openqa.selenium.ElementClickInterceptedException" message="element click intercepted: Element &amp;lt;td&amp;gt;...&amp;lt;/td&amp;gt; is not clickable at point (152, 596). Other element would receive the click: &amp;lt;div id=&amp;quot;clever-100571-2249771-sticky-footer-shadow&amp;quot; style=&amp;quot;position: absolute; width: 100%; height: 100%; box-shadow: rgba(0, 0, 0, 0.3) 0px -180px 100px -110px inset; z-index: 9;&amp;quot;&amp;gt;&amp;lt;/div&amp;gt;
  (Session info: chrome=145.0.7632.109)
Build info: version: &amp;apos;4.39.0&amp;apos;, revision: &amp;apos;126f156aee&amp;apos;
System info: os.name: &amp;apos;Windows 11&amp;apos;, os.arch: &amp;apos;amd64&amp;apos;, os.version: &amp;apos;10.0&amp;apos;, java.version: &amp;apos;21.0.8&amp;apos;
Driver info: org.openqa.selenium.chrome.ChromeDriver
Command: [99d15b4f0d3831ce80a4bed2e32fd2a8, clickElement {id=f.8A147111AF1F83785E424ED024DA1857.d.E68344DF53D3DFD16B9A9EC74302C24D.e.708}]
Capabilities {acceptInsecureCerts: false, browserName: chrome, browserVersion: 145.0.7632.109, chrome: {chromedriverVersion: 145.0.7632.117 (de4e5d6e13b..., userDataDir: C:\Users\Admin\AppData\Loca...}, fedcm:accounts: true, goog:chromeOptions: {debuggerAddress: localhost:61292}, goog:processID: 22608, networkConnectionEnabled: false, pageLoadStrategy: normal, platformName: windows, proxy: Proxy(), se:cdp: ws://localhost:61292/devtoo..., se:cdpVersion: 145.0.7632.109, setWindowRect: true, strictFileInteractability: false, timeouts: {implicit: 0, pageLoad: 300000, script: 30000}, unhandledPromptBehavior: dismiss and notify, webauthn:extension:credBlob: true, webauthn:extension:largeBlob: true, webauthn:extension:minPinLength: true, webauthn:extension:prf: true, webauthn:virtualAuthenticators: true}
Element: [[ChromeDriver: chrome on windows (99d15b4f0d3831ce80a4bed2e32fd2a8)] -&amp;gt; xpath: //td[text()=&amp;quot;COIMBATORE JN~ (CBE)&amp;quot;]]
Session ID: 99d15b4f0d3831ce80a4bed2e32fd2a8">
      <![CDATA[org.openqa.selenium.ElementClickInterceptedException: element click intercepted: Element <td>...</td> is not clickable at point (152, 596). Other element would receive the click: <div id="clever-100571-2249771-sticky-footer-shadow" style="position: absolute; width: 100%; height: 100%; box-shadow: rgba(0, 0, 0, 0.3) 0px -180px 100px -110px inset; z-index: 9;"></div>
  (Session info: chrome=145.0.7632.109)
Build info: version: '4.39.0', revision: '126f156aee'
System info: os.name: 'Windows 11', os.arch: 'amd64', os.version: '10.0', java.version: '21.0.8'
Driver info: org.openqa.selenium.chrome.ChromeDriver
Command: [99d15b4f0d3831ce80a4bed2e32fd2a8, clickElement {id=f.8A147111AF1F83785E424ED024DA1857.d.E68344DF53D3DFD16B9A9EC74302C24D.e.708}]
Capabilities {acceptInsecureCerts: false, browserName: chrome, browserVersion: 145.0.7632.109, chrome: {chromedriverVersion: 145.0.7632.117 (de4e5d6e13b..., userDataDir: C:\Users\Admin\AppData\Loca...}, fedcm:accounts: true, goog:chromeOptions: {debuggerAddress: localhost:61292}, goog:processID: 22608, networkConnectionEnabled: false, pageLoadStrategy: normal, platformName: windows, proxy: Proxy(), se:cdp: ws://localhost:61292/devtoo..., se:cdpVersion: 145.0.7632.109, setWindowRect: true, strictFileInteractability: false, timeouts: {implicit: 0, pageLoad: 300000, script: 30000}, unhandledPromptBehavior: dismiss and notify, webauthn:extension:credBlob: true, webauthn:extension:largeBlob: true, webauthn:extension:minPinLength: true, webauthn:extension:prf: true, webauthn:virtualAuthenticators: true}
Element: [[ChromeDriver: chrome on windows (99d15b4f0d3831ce80a4bed2e32fd2a8)] -> xpath: //td[text()="COIMBATORE JN~ (CBE)"]]
Session ID: 99d15b4f0d3831ce80a4bed2e32fd2a8
at org.openqa.selenium.remote.ErrorCodec.decode(ErrorCodec.java:167)
at org.openqa.selenium.remote.codec.w3c.W3CHttpResponseCodec.decode(W3CHttpResponseCodec.java:142)
at org.openqa.selenium.remote.codec.w3c.W3CHttpResponseCodec.decode(W3CHttpResponseCodec.java:49)
at org.openqa.selenium.remote.HttpCommandExecutor.execute(HttpCommandExecutor.java:215)
at org.openqa.selenium.remote.service.DriverCommandExecutor.invokeExecute(DriverCommandExecutor.java:216)
at org.openqa.selenium.remote.service.DriverCommandExecutor.execute(DriverCommandExecutor.java:174)
at org.openqa.selenium.remote.RemoteWebDriver.execute(RemoteWebDriver.java:561)
at org.openqa.selenium.remote.RemoteWebElement.execute(RemoteWebElement.java:223)
at org.openqa.selenium.remote.RemoteWebElement.click(RemoteWebElement.java:76)
at org.openqa.selenium.support.pagefactory.internal.LocatingElementHandler.invoke(LocatingElementHandler.java:51)
at jdk.proxy2/jdk.proxy2.$Proxy15.click(Unknown Source)
at com.reusableMethods.Reusabels.Waitandclick(Reusabels.java:33)
at com.Pages.checkingTrainStatus.selectcoimbatoreJN(checkingTrainStatus.java:63)
at com.TestRunner.CheckTrainStatusTC02.CheranTrainStatus(CheckTrainStatusTC02.java:27)
at java.base/java.util.ArrayList.forEach(ArrayList.java:1596)
... Removed 30 stack frames]]>
    </failure>
  </testcase> <!-- CheranTrainStatus -->
</testsuite> <!-- TrainBookingAndStatus -->
